+-----+-----+-----+ +-----+-----+-----+ +-----+-----+-----+
|     |1 2 3|1 2 3| |1 2 3|1 2 3|1 2 3| |1 2 3|1 2 3|1 2 3|
|     |4 5 6|4 5 6| |4 5 6|4 5 6|4 5 6| |4 5 6|4 5 6|4 5 6|
|  8  |7   9|7   9| |7   9|7   9|7   9| |7   9|7   9|7   9|
+-----+-----+-----+ +-----+-----+-----+ +-----+-----+-----+
|1 2 3|1 2 3|1 2 3| |1 2 3|1 2 3|1 2 3| |1 2 3|1 2 3|1 2 3|
|4 5 6|4 5 6|4 5 6| |4 5 6|4 5 6|4 5 6| |4 5 6|4 5 6|4 5 6|
|7   9|7   9|7   9| |7 8 9|7 8 9|7 8 9| |7 8 9|7 8 9|7 8 9|
+-----+-----+-----+ +-----+-----+-----+ +-----+-----+-----+
|1 2 3|1 2 3|1 2 3| |1 2 3|1 2 3|1 2 3| |1 2 3|1 2 3|1 2 3|
|4 5 6|4 5 6|4 5 6| |4 5 6|4 5 6|4 5 6| |4 5 6|4 5 6|4 5 6|
|7   9|7   9|7   9| |7 8 9|7 8 9|7 8 9| |7 8 9|7 8 9|7 8 9|
+-----+-----+-----+ +-----+-----+-----+ +-----+-----+-----+
+-----+-----+-----+ +-----+-----+-----+ +-----+-----+-----+
|1 2 3|1 2 3|1 2 3| |1 2 3|1 2 3|1 2 3| |1 2 3|1 2 3|1 2 3|
|4 5 6|4 5 6|4 5 6| |4 5 6|4 5 6|4 5 6| |4 5 6|4 5 6|4 5 6|
|7   9|7 8 9|7 8 9| |7 8 9|7 8 9|7 8 9| |7 8 9|7 8 9|7 8 9|
+-----+-----+-----+ +-----+-----+-----+ +-----+-----+-----+
|1 2 3|1 2 3|1 2 3| |1 2 3|1 2 3|1 2 3| |1 2 3|1 2 3|1 2 3|
|4 5 6|4 5 6|4 5 6| |4 5 6|4 5 6|4 5 6| |4 5 6|4 5 6|4 5 6|
|7   9|7 8 9|7 8 9| |7 8 9|7 8 9|7 8 9| |7 8 9|7 8 9|7 8 9|
+-----+-----+-----+ +-----+-----+-----+ +-----+-----+-----+
|1 2 3|1 2 3|1 2 3| |1 2 3|1 2 3|1 2 3| |1 2 3|1 2 3|1 2 3|
|4 5 6|4 5 6|4 5 6| |4 5 6|4 5 6|4 5 6| |4 5 6|4 5 6|4 5 6|
|7   9|7 8 9|7 8 9| |7 8 9|7 8 9|7 8 9| |7 8 9|7 8 9|7 8 9|
+-----+-----+-----+ +-----+-----+-----+ +-----+-----+-----+
+-----+-----+-----+ +-----+-----+-----+ +-----+-----+-----+
|1 2 3|1 2 3|1 2 3| |1 2 3|1 2 3|1 2 3| |1 2 3|1 2 3|1 2 3|
|4 5 6|4 5 6|4 5 6| |4 5 6|4 5 6|4 5 6| |4 5 6|4 5 6|4 5 6|
|7   9|7 8 9|7 8 9| |7 8 9|7 8 9|7 8 9| |7 8 9|7 8 9|7 8 9|
+-----+-----+-----+ +-----+-----+-----+ +-----+-----+-----+
|1 2 3|1 2 3|1 2 3| |1 2 3|1 2 3|1 2 3| |1 2 3|1 2 3|1 2 3|
|4 5 6|4 5 6|4 5 6| |4 5 6|4 5 6|4 5 6| |4 5 6|4 5 6|4 5 6|
|7   9|7 8 9|7 8 9| |7 8 9|7 8 9|7 8 9| |7 8 9|7 8 9|7 8 9|
+-----+-----+-----+ +-----+-----+-----+ +-----+-----+-----+
|1 2 3|1 2 3|1 2 3| |1 2 3|1 2 3|1 2 3| |1 2 3|1 2 3|1 2 3|
|4 5 6|4 5 6|4 5 6| |4 5 6|4 5 6|4 5 6| |4 5 6|4 5 6|4 5 6|
|7   9|7 8 9|7 8 9| |7 8 9|7 8 9|7 8 9| |7 8 9|7 8 9|7 8 9|
+-----+-----+-----+ +-----+-----+-----+ +-----+-----+-----+


+-----+-----+-----+ +-----+-----+-----+ +-----+-----+-----+
|     |1 2  |1 2  | |1 2 3|1 2 3|1 2 3| |1 2 3|1 2 3|1 2 3|
|     |4 5 6|4 5 6| |4 5 6|4 5 6|4 5 6| |4 5 6|4 5 6|4 5 6|
|  8  |7   9|7   9| |7   9|7   9|7   9| |7   9|7   9|7   9|
+-----+-----+-----+ +-----+-----+-----+ +-----+-----+-----+
|1 2  |1 2  |    3| |1 2  |1 2  |1 2  | |1 2  |1 2  |1 2  |
|4 5 6|4 5 6|     | |4 5 6|4 5 6|4 5 6| |4 5 6|4 5 6|4 5 6|
|7   9|7   9|     | |7 8 9|7 8 9|7 8 9| |7 8 9|7 8 9|7 8 9|
+-----+-----+-----+ +-----+-----+-----+ +-----+-----+-----+
|1 2  |1 2  |1 2  | |1 2 3|1 2 3|1 2 3| |1 2 3|1 2 3|1 2 3|
|4 5 6|4 5 6|4 5 6| |4 5 6|4 5 6|4 5 6| |4 5 6|4 5 6|4 5 6|
|7   9|7   9|7   9| |7 8 9|7 8 9|7 8 9| |7 8 9|7 8 9|7 8 9|
+-----+-----+-----+ +-----+-----+-----+ +-----+-----+-----+
+-----+-----+-----+ +-----+-----+-----+ +-----+-----+-----+
|1 2 3|1 2 3|1 2  | |1 2 3|1 2 3|1 2 3| |1 2 3|1 2 3|1 2 3|
|4 5 6|4 5 6|4 5 6| |4 5 6|4 5 6|4 5 6| |4 5 6|4 5 6|4 5 6|
|7   9|7 8 9|7 8 9| |7 8 9|7 8 9|7 8 9| |7 8 9|7 8 9|7 8 9|
+-----+-----+-----+ +-----+-----+-----+ +-----+-----+-----+
|1 2 3|1 2 3|1 2  | |1 2 3|1 2 3|1 2 3| |1 2 3|1 2 3|1 2 3|
|4 5 6|4 5 6|4 5 6| |4 5 6|4 5 6|4 5 6| |4 5 6|4 5 6|4 5 6|
|7   9|7 8 9|7 8 9| |7 8 9|7 8 9|7 8 9| |7 8 9|7 8 9|7 8 9|
+-----+-----+-----+ +-----+-----+-----+ +-----+-----+-----+
|1 2 3|1 2 3|1 2  | |1 2 3|1 2 3|1 2 3| |1 2 3|1 2 3|1 2 3|
|4 5 6|4 5 6|4 5 6| |4 5 6|4 5 6|4 5 6| |4 5 6|4 5 6|4 5 6|
|7   9|7 8 9|7 8 9| |7 8 9|7 8 9|7 8 9| |7 8 9|7 8 9|7 8 9|
+-----+-----+-----+ +-----+-----+-----+ +-----+-----+-----+
+-----+-----+-----+ +-----+-----+-----+ +-----+-----+-----+
|1 2 3|1 2 3|1 2  | |1 2 3|1 2 3|1 2 3| |1 2 3|1 2 3|1 2 3|
|4 5 6|4 5 6|4 5 6| |4 5 6|4 5 6|4 5 6| |4 5 6|4 5 6|4 5 6|
|7   9|7 8 9|7 8 9| |7 8 9|7 8 9|7 8 9| |7 8 9|7 8 9|7 8 9|
+-----+-----+-----+ +-----+-----+-----+ +-----+-----+-----+
|1 2 3|1 2 3|1 2  | |1 2 3|1 2 3|1 2 3| |1 2 3|1 2 3|1 2 3|
|4 5 6|4 5 6|4 5 6| |4 5 6|4 5 6|4 5 6| |4 5 6|4 5 6|4 5 6|
|7   9|7 8 9|7 8 9| |7 8 9|7 8 9|7 8 9| |7 8 9|7 8 9|7 8 9|
+-----+-----+-----+ +-----+-----+-----+ +-----+-----+-----+
|1 2 3|1 2 3|1 2  | |1 2 3|1 2 3|1 2 3| |1 2 3|1 2 3|1 2 3|
|4 5 6|4 5 6|4 5 6| |4 5 6|4 5 6|4 5 6| |4 5 6|4 5 6|4 5 6|
|7   9|7 8 9|7 8 9| |7 8 9|7 8 9|7 8 9| |7 8 9|7 8 9|7 8 9|
+-----+-----+-----+ +-----+-----+-----+ +-----+-----+-----+


+-----+-----+-----+ +-----+-----+-----+ +-----+-----+-----+
|     |1 2  |1 2  | |1 2 3|1 2 3|1 2 3| |1 2 3|1 2 3|1 2 3|
|     |4 5 6|4 5 6| |4 5  |4 5  |4 5  | |4 5 6|4 5 6|4 5 6|
|  8  |7   9|7   9| |7   9|7   9|7   9| |7   9|7   9|7   9|
+-----+-----+-----+ +-----+-----+-----+ +-----+-----+-----+
|1 2  |1 2  |    3| |     |1 2  |1 2  | |1 2  |1 2  |1 2  |
|4 5  |4 5  |     | |    6|4 5  |4 5  | |4 5  |4 5  |4 5  |
|7   9|7   9|     | |     |7 8 9|7 8 9| |7 8 9|7 8 9|7 8 9|
+-----+-----+-----+ +-----+-----+-----+ +-----+-----+-----+
|1 2  |1 2  |1 2  | |1 2 3|1 2 3|1 2 3| |1 2 3|1 2 3|1 2 3|
|4 5 6|4 5 6|4 5 6| |4 5  |4 5  |4 5  | |4 5 6|4 5 6|4 5 6|
|7   9|7   9|7   9| |7 8 9|7 8 9|7 8 9| |7 8 9|7 8 9|7 8 9|
+-----+-----+-----+ +-----+-----+-----+ +-----+-----+-----+
+-----+-----+-----+ +-----+-----+-----+ +-----+-----+-----+
|1 2 3|1 2 3|1 2  | |1 2 3|1 2 3|1 2 3| |1 2 3|1 2 3|1 2 3|
|4 5 6|4 5 6|4 5 6| |4 5  |4 5 6|4 5 6| |4 5 6|4 5 6|4 5 6|
|7   9|7 8 9|7 8 9| |7 8 9|7 8 9|7 8 9| |7 8 9|7 8 9|7 8 9|
+-----+-----+-----+ +-----+-----+-----+ +-----+-----+-----+
|1 2 3|1 2 3|1 2  | |1 2 3|1 2 3|1 2 3| |1 2 3|1 2 3|1 2 3|
|4 5 6|4 5 6|4 5 6| |4 5  |4 5 6|4 5 6| |4 5 6|4 5 6|4 5 6|
|7   9|7 8 9|7 8 9| |7 8 9|7 8 9|7 8 9| |7 8 9|7 8 9|7 8 9|
+-----+-----+-----+ +-----+-----+-----+ +-----+-----+-----+
|1 2 3|1 2 3|1 2  | |1 2 3|1 2 3|1 2 3| |1 2 3|1 2 3|1 2 3|
|4 5 6|4 5 6|4 5 6| |4 5  |4 5 6|4 5 6| |4 5 6|4 5 6|4 5 6|
|7   9|7 8 9|7 8 9| |7 8 9|7 8 9|7 8 9| |7 8 9|7 8 9|7 8 9|
+-----+-----+-----+ +-----+-----+-----+ +-----+-----+-----+
+-----+-----+-----+ +-----+-----+-----+ +-----+-----+-----+
|1 2 3|1 2 3|1 2  | |1 2 3|1 2 3|1 2 3| |1 2 3|1 2 3|1 2 3|
|4 5 6|4 5 6|4 5 6| |4 5  |4 5 6|4 5 6| |4 5 6|4 5 6|4 5 6|
|7   9|7 8 9|7 8 9| |7 8 9|7 8 9|7 8 9| |7 8 9|7 8 9|7 8 9|
+-----+-----+-----+ +-----+-----+-----+ +-----+-----+-----+
|1 2 3|1 2 3|1 2  | |1 2 3|1 2 3|1 2 3| |1 2 3|1 2 3|1 2 3|
|4 5 6|4 5 6|4 5 6| |4 5  |4 5 6|4 5 6| |4 5 6|4 5 6|4 5 6|
|7   9|7 8 9|7 8 9| |7 8 9|7 8 9|7 8 9| |7 8 9|7 8 9|7 8 9|
+-----+-----+-----+ +-----+-----+-----+ +-----+-----+-----+
|1 2 3|1 2 3|1 2  | |1 2 3|1 2 3|1 2 3| |1 2 3|1 2 3|1 2 3|
|4 5 6|4 5 6|4 5 6| |4 5  |4 5 6|4 5 6| |4 5 6|4 5 6|4 5 6|
|7   9|7 8 9|7 8 9| |7 8 9|7 8 9|7 8 9| |7 8 9|7 8 9|7 8 9|
+-----+-----+-----+ +-----+-----+-----+ +-----+-----+-----+


+-----+-----+-----+ +-----+-----+-----+ +-----+-----+-----+
|     |1 2  |1 2  | |1 2 3|1 2 3|1 2 3| |1 2 3|1 2 3|1 2 3|
|     |4 5 6|4 5 6| |4 5  |4 5  |4 5  | |4 5 6|4 5 6|4 5 6|
|  8  |    9|    9| |7   9|7   9|7   9| |7   9|7   9|7   9|
+-----+-----+-----+ +-----+-----+-----+ +-----+-----+-----+
|1 2  |1 2  |    3| |     |1 2  |1 2  | |1 2  |1 2  |1 2  |
|4 5  |4 5  |     | |    6|4 5  |4 5  | |4 5  |4 5  |4 5  |
|    9|    9|     | |     |7 8 9|7 8 9| |7 8 9|7 8 9|7 8 9|
+-----+-----+-----+ +-----+-----+-----+ +-----+-----+-----+
|1 2  |     |1 2  | |1 2 3|1 2 3|1 2 3| |1 2 3|1 2 3|1 2 3|
|4 5 6|     |4 5 6| |4 5  |4 5  |4 5  | |4 5 6|4 5 6|4 5 6|
|    9|7    |    9| |  8 9|  8 9|  8 9| |  8 9|  8 9|  8 9|
+-----+-----+-----+ +-----+-----+-----+ +-----+-----+-----+
+-----+-----+-----+ +-----+-----+-----+ +-----+-----+-----+
|1 2 3|1 2 3|1 2  | |1 2 3|1 2 3|1 2 3| |1 2 3|1 2 3|1 2 3|
|4 5 6|4 5 6|4 5 6| |4 5  |4 5 6|4 5 6| |4 5 6|4 5 6|4 5 6|
|7   9|  8 9|7 8 9| |7 8 9|7 8 9|7 8 9| |7 8 9|7 8 9|7 8 9|
+-----+-----+-----+ +-----+-----+-----+ +-----+-----+-----+
|1 2 3|1 2 3|1 2  | |1 2 3|1 2 3|1 2 3| |1 2 3|1 2 3|1 2 3|
|4 5 6|4 5 6|4 5 6| |4 5  |4 5 6|4 5 6| |4 5 6|4 5 6|4 5 6|
|7   9|  8 9|7 8 9| |7 8 9|7 8 9|7 8 9| |7 8 9|7 8 9|7 8 9|
+-----+-----+-----+ +-----+-----+-----+ +-----+-----+-----+
|1 2 3|1 2 3|1 2  | |1 2 3|1 2 3|1 2 3| |1 2 3|1 2 3|1 2 3|
|4 5 6|4 5 6|4 5 6| |4 5  |4 5 6|4 5 6| |4 5 6|4 5 6|4 5 6|
|7   9|  8 9|7 8 9| |7 8 9|7 8 9|7 8 9| |7 8 9|7 8 9|7 8 9|
+-----+-----+-----+ +-----+-----+-----+ +-----+-----+-----+
+-----+-----+-----+ +-----+-----+-----+ +-----+-----+-----+
|1 2 3|1 2 3|1 2  | |1 2 3|1 2 3|1 2 3| |1 2 3|1 2 3|1 2 3|
|4 5 6|4 5 6|4 5 6| |4 5  |4 5 6|4 5 6| |4 5 6|4 5 6|4 5 6|
|7   9|  8 9|7 8 9| |7 8 9|7 8 9|7 8 9| |7 8 9|7 8 9|7 8 9|
+-----+-----+-----+ +-----+-----+-----+ +-----+-----+-----+
|1 2 3|1 2 3|1 2  | |1 2 3|1 2 3|1 2 3| |1 2 3|1 2 3|1 2 3|
|4 5 6|4 5 6|4 5 6| |4 5  |4 5 6|4 5 6| |4 5 6|4 5 6|4 5 6|
|7   9|  8 9|7 8 9| |7 8 9|7 8 9|7 8 9| |7 8 9|7 8 9|7 8 9|
+-----+-----+-----+ +-----+-----+-----+ +-----+-----+-----+
|1 2 3|1 2 3|1 2  | |1 2 3|1 2 3|1 2 3| |1 2 3|1 2 3|1 2 3|
|4 5 6|4 5 6|4 5 6| |4 5  |4 5 6|4 5 6| |4 5 6|4 5 6|4 5 6|
|7   9|  8 9|7 8 9| |7 8 9|7 8 9|7 8 9| |7 8 9|7 8 9|7 8 9|
+-----+-----+-----+ +-----+-----+-----+ +-----+-----+-----+


+-----+-----+-----+ +-----+-----+-----+ +-----+-----+-----+
|     |1 2  |1 2  | |1 2 3|1 2 3|1 2 3| |1 2 3|1 2 3|1 2 3|
|     |4 5 6|4 5 6| |4 5  |4 5  |4 5  | |4 5 6|4 5 6|4 5 6|
|  8  |    9|    9| |7    |7    |7    | |7   9|7   9|7   9|
+-----+-----+-----+ +-----+-----+-----+ +-----+-----+-----+
|1 2  |1 2  |    3| |     |1 2  |1 2  | |1 2  |1 2  |1 2  |
|4 5  |4 5  |     | |    6|4 5  |4 5  | |4 5  |4 5  |4 5  |
|    9|    9|     | |     |7 8  |7 8  | |7 8 9|7 8 9|7 8 9|
+-----+-----+-----+ +-----+-----+-----+ +-----+-----+-----+
|1 2  |     |1 2  | |1 2 3|     |1 2 3| |1 2 3|1 2 3|1 2 3|
|4 5 6|     |4 5 6| |4 5  |     |4 5  | |4 5 6|4 5 6|4 5 6|
|     |7    |     | |  8  |    9|  8  | |  8  |  8  |  8  |
+-----+-----+-----+ +-----+-----+-----+ +-----+-----+-----+
+-----+-----+-----+ +-----+-----+-----+ +-----+-----+-----+
|1 2 3|1 2 3|1 2  | |1 2 3|1 2 3|1 2 3| |1 2 3|1 2 3|1 2 3|
|4 5 6|4 5 6|4 5 6| |4 5  |4 5 6|4 5 6| |4 5 6|4 5 6|4 5 6|
|7   9|  8 9|7 8 9| |7 8 9|7 8  |7 8 9| |7 8 9|7 8 9|7 8 9|
+-----+-----+-----+ +-----+-----+-----+ +-----+-----+-----+
|1 2 3|1 2 3|1 2  | |1 2 3|1 2 3|1 2 3| |1 2 3|1 2 3|1 2 3|
|4 5 6|4 5 6|4 5 6| |4 5  |4 5 6|4 5 6| |4 5 6|4 5 6|4 5 6|
|7   9|  8 9|7 8 9| |7 8 9|7 8  |7 8 9| |7 8 9|7 8 9|7 8 9|
+-----+-----+-----+ +-----+-----+-----+ +-----+-----+-----+
|1 2 3|1 2 3|1 2  | |1 2 3|1 2 3|1 2 3| |1 2 3|1 2 3|1 2 3|
|4 5 6|4 5 6|4 5 6| |4 5  |4 5 6|4 5 6| |4 5 6|4 5 6|4 5 6|
|7   9|  8 9|7 8 9| |7 8 9|7 8  |7 8 9| |7 8 9|7 8 9|7 8 9|
+-----+-----+-----+ +-----+-----+-----+ +-----+-----+-----+
+-----+-----+-----+ +-----+-----+-----+ +-----+-----+-----+
|1 2 3|1 2 3|1 2  | |1 2 3|1 2 3|1 2 3| |1 2 3|1 2 3|1 2 3|
|4 5 6|4 5 6|4 5 6| |4 5  |4 5 6|4 5 6| |4 5 6|4 5 6|4 5 6|
|7   9|  8 9|7 8 9| |7 8 9|7 8  |7 8 9| |7 8 9|7 8 9|7 8 9|
+-----+-----+-----+ +-----+-----+-----+ +-----+-----+-----+
|1 2 3|1 2 3|1 2  | |1 2 3|1 2 3|1 2 3| |1 2 3|1 2 3|1 2 3|
|4 5 6|4 5 6|4 5 6| |4 5  |4 5 6|4 5 6| |4 5 6|4 5 6|4 5 6|
|7   9|  8 9|7 8 9| |7 8 9|7 8  |7 8 9| |7 8 9|7 8 9|7 8 9|
+-----+-----+-----+ +-----+-----+-----+ +-----+-----+-----+
|1 2 3|1 2 3|1 2  | |1 2 3|1 2 3|1 2 3| |1 2 3|1 2 3|1 2 3|
|4 5 6|4 5 6|4 5 6| |4 5  |4 5 6|4 5 6| |4 5 6|4 5 6|4 5 6|
|7   9|  8 9|7 8 9| |7 8 9|7 8  |7 8 9| |7 8 9|7 8 9|7 8 9|
+-----+-----+-----+ +-----+-----+-----+ +-----+-----+-----+


+-----+-----+-----+ +-----+-----+-----+ +-----+-----+-----+
|     |1 2  |1 2  | |1 2 3|1 2 3|1 2 3| |1   3|1   3|1   3|
|     |4 5 6|4 5 6| |4 5  |4 5  |4 5  | |4 5 6|4 5 6|4 5 6|
|  8  |    9|    9| |7    |7    |7    | |7   9|7   9|7   9|
+-----+-----+-----+ +-----+-----+-----+ +-----+-----+-----+
|1 2  |1 2  |    3| |     |1 2  |1 2  | |1    |1    |1    |
|4 5  |4 5  |     | |    6|4 5  |4 5  | |4 5  |4 5  |4 5  |
|    9|    9|     | |     |7 8  |7 8  | |7 8 9|7 8 9|7 8 9|
+-----+-----+-----+ +-----+-----+-----+ +-----+-----+-----+
|1    |     |1    | |1   3|     |1   3| |  2  |1   3|1   3|
|4 5 6|     |4 5 6| |4 5  |     |4 5  | |     |4 5 6|4 5 6|
|     |7    |     | |  8  |    9|  8  | |     |  8  |  8  |
+-----+-----+-----+ +-----+-----+-----+ +-----+-----+-----+
+-----+-----+-----+ +-----+-----+-----+ +-----+-----+-----+
|1 2 3|1 2 3|1 2  | |1 2 3|1 2 3|1 2 3| |1   3|1 2 3|1 2 3|
|4 5 6|4 5 6|4 5 6| |4 5  |4 5 6|4 5 6| |4 5 6|4 5 6|4 5 6|
|7   9|  8 9|7 8 9| |7 8 9|7 8  |7 8 9| |7 8 9|7 8 9|7 8 9|
+-----+-----+-----+ +-----+-----+-----+ +-----+-----+-----+
|1 2 3|1 2 3|1 2  | |1 2 3|1 2 3|1 2 3| |1   3|1 2 3|1 2 3|
|4 5 6|4 5 6|4 5 6| |4 5  |4 5 6|4 5 6| |4 5 6|4 5 6|4 5 6|
|7   9|  8 9|7 8 9| |7 8 9|7 8  |7 8 9| |7 8 9|7 8 9|7 8 9|
+-----+-----+-----+ +-----+-----+-----+ +-----+-----+-----+
|1 2 3|1 2 3|1 2  | |1 2 3|1 2 3|1 2 3| |1   3|1 2 3|1 2 3|
|4 5 6|4 5 6|4 5 6| |4 5  |4 5 6|4 5 6| |4 5 6|4 5 6|4 5 6|
|7   9|  8 9|7 8 9| |7 8 9|7 8  |7 8 9| |7 8 9|7 8 9|7 8 9|
+-----+-----+-----+ +-----+-----+-----+ +-----+-----+-----+
+-----+-----+-----+ +-----+-----+-----+ +-----+-----+-----+
|1 2 3|1 2 3|1 2  | |1 2 3|1 2 3|1 2 3| |1   3|1 2 3|1 2 3|
|4 5 6|4 5 6|4 5 6| |4 5  |4 5 6|4 5 6| |4 5 6|4 5 6|4 5 6|
|7   9|  8 9|7 8 9| |7 8 9|7 8  |7 8 9| |7 8 9|7 8 9|7 8 9|
+-----+-----+-----+ +-----+-----+-----+ +-----+-----+-----+
|1 2 3|1 2 3|1 2  | |1 2 3|1 2 3|1 2 3| |1   3|1 2 3|1 2 3|
|4 5 6|4 5 6|4 5 6| |4 5  |4 5 6|4 5 6| |4 5 6|4 5 6|4 5 6|
|7   9|  8 9|7 8 9| |7 8 9|7 8  |7 8 9| |7 8 9|7 8 9|7 8 9|
+-----+-----+-----+ +-----+-----+-----+ +-----+-----+-----+
|1 2 3|1 2 3|1 2  | |1 2 3|1 2 3|1 2 3| |1   3|1 2 3|1 2 3|
|4 5 6|4 5 6|4 5 6| |4 5  |4 5 6|4 5 6| |4 5 6|4 5 6|4 5 6|
|7   9|  8 9|7 8 9| |7 8 9|7 8  |7 8 9| |7 8 9|7 8 9|7 8 9|
+-----+-----+-----+ +-----+-----+-----+ +-----+-----+-----+


+-----+-----+-----+ +-----+-----+-----+ +-----+-----+-----+
|     |1 2  |1 2  | |1 2 3|1 2 3|1 2 3| |1   3|1   3|1   3|
|     |4   6|4 5 6| |4 5  |4 5  |4 5  | |4 5 6|4 5 6|4 5 6|
|  8  |    9|    9| |7    |7    |7    | |7   9|7   9|7   9|
+-----+-----+-----+ +-----+-----+-----+ +-----+-----+-----+
|1 2  |1 2  |    3| |     |1 2  |1 2  | |1    |1    |1    |
|4 5  |4    |     | |    6|4 5  |4 5  | |4 5  |4 5  |4 5  |
|    9|    9|     | |     |7 8  |7 8  | |7 8 9|7 8 9|7 8 9|
+-----+-----+-----+ +-----+-----+-----+ +-----+-----+-----+
|1    |     |1    | |1   3|     |1   3| |  2  |1   3|1   3|
|4 5 6|     |4 5 6| |4 5  |     |4 5  | |     |4 5 6|4 5 6|
|     |7    |     | |  8  |    9|  8  | |     |  8  |  8  |
+-----+-----+-----+ +-----+-----+-----+ +-----+-----+-----+
+-----+-----+-----+ +-----+-----+-----+ +-----+-----+-----+
|1 2 3|     |1 2  | |1 2 3|1 2 3|1 2 3| |1   3|1 2 3|1 2 3|
|4   6|  5  |4   6| |4    |4   6|4   6| |4   6|4   6|4   6|
|7   9|     |7 8 9| |7 8 9|7 8  |7 8 9| |7 8 9|7 8 9|7 8 9|
+-----+-----+-----+ +-----+-----+-----+ +-----+-----+-----+
|1 2 3|1 2 3|1 2  | |1 2 3|1 2 3|1 2 3| |1   3|1 2 3|1 2 3|
|4   6|4   6|4   6| |4 5  |4 5 6|4 5 6| |4 5 6|4 5 6|4 5 6|
|7   9|  8 9|7 8 9| |7 8 9|7 8  |7 8 9| |7 8 9|7 8 9|7 8 9|
+-----+-----+-----+ +-----+-----+-----+ +-----+-----+-----+
|1 2 3|1 2 3|1 2  | |1 2 3|1 2 3|1 2 3| |1   3|1 2 3|1 2 3|
|4   6|4   6|4   6| |4 5  |4 5 6|4 5 6| |4 5 6|4 5 6|4 5 6|
|7   9|  8 9|7 8 9| |7 8 9|7 8  |7 8 9| |7 8 9|7 8 9|7 8 9|
+-----+-----+-----+ +-----+-----+-----+ +-----+-----+-----+
+-----+-----+-----+ +-----+-----+-----+ +-----+-----+-----+
|1 2 3|1 2 3|1 2  | |1 2 3|1 2 3|1 2 3| |1   3|1 2 3|1 2 3|
|4 5 6|4   6|4 5 6| |4 5  |4 5 6|4 5 6| |4 5 6|4 5 6|4 5 6|
|7   9|  8 9|7 8 9| |7 8 9|7 8  |7 8 9| |7 8 9|7 8 9|7 8 9|
+-----+-----+-----+ +-----+-----+-----+ +-----+-----+-----+
|1 2 3|1 2 3|1 2  | |1 2 3|1 2 3|1 2 3| |1   3|1 2 3|1 2 3|
|4 5 6|4   6|4 5 6| |4 5  |4 5 6|4 5 6| |4 5 6|4 5 6|4 5 6|
|7   9|  8 9|7 8 9| |7 8 9|7 8  |7 8 9| |7 8 9|7 8 9|7 8 9|
+-----+-----+-----+ +-----+-----+-----+ +-----+-----+-----+
|1 2 3|1 2 3|1 2  | |1 2 3|1 2 3|1 2 3| |1   3|1 2 3|1 2 3|
|4 5 6|4   6|4 5 6| |4 5  |4 5 6|4 5 6| |4 5 6|4 5 6|4 5 6|
|7   9|  8 9|7 8 9| |7 8 9|7 8  |7 8 9| |7 8 9|7 8 9|7 8 9|
+-----+-----+-----+ +-----+-----+-----+ +-----+-----+-----+


+-----+-----+-----+ +-----+-----+-----+ +-----+-----+-----+
|     |1 2  |1 2  | |1 2 3|1 2 3|1 2 3| |1   3|1   3|1   3|
|     |4   6|4 5 6| |4 5  |4 5  |4 5  | |4 5 6|4 5 6|4 5 6|
|  8  |    9|    9| |7    |7    |     | |7   9|7   9|7   9|
+-----+-----+-----+ +-----+-----+-----+ +-----+-----+-----+
|1 2  |1 2  |    3| |     |1 2  |1 2  | |1    |1    |1    |
|4 5  |4    |     | |    6|4 5  |4 5  | |4 5  |4 5  |4 5  |
|    9|    9|     | |     |7 8  |  8  | |7 8 9|7 8 9|7 8 9|
+-----+-----+-----+ +-----+-----+-----+ +-----+-----+-----+
|1    |     |1    | |1   3|     |1   3| |  2  |1   3|1   3|
|4 5 6|     |4 5 6| |4 5  |     |4 5  | |     |4 5 6|4 5 6|
|     |7    |     | |  8  |    9|  8  | |     |  8  |  8  |
+-----+-----+-----+ +-----+-----+-----+ +-----+-----+-----+
+-----+-----+-----+ +-----+-----+-----+ +-----+-----+-----+
|1 2 3|     |1 2  | |1 2 3|1 2 3|     | |1   3|1 2 3|1 2 3|
|4   6|  5  |4   6| |4    |4   6|     | |4   6|4   6|4   6|
|    9|     |  8 9| |  8 9|  8  |7    | |  8 9|  8 9|  8 9|
+-----+-----+-----+ +-----+-----+-----+ +-----+-----+-----+
|1 2 3|1 2 3|1 2  | |1 2 3|1 2 3|1 2 3| |1   3|1 2 3|1 2 3|
|4   6|4   6|4   6| |4 5  |4 5 6|4 5 6| |4 5 6|4 5 6|4 5 6|
|7   9|  8 9|7 8 9| |  8 9|  8  |  8 9| |7 8 9|7 8 9|7 8 9|
+-----+-----+-----+ +-----+-----+-----+ +-----+-----+-----+
|1 2 3|1 2 3|1 2  | |1 2 3|1 2 3|1 2 3| |1   3|1 2 3|1 2 3|
|4   6|4   6|4   6| |4 5  |4 5 6|4 5 6| |4 5 6|4 5 6|4 5 6|
|7   9|  8 9|7 8 9| |  8 9|  8  |  8 9| |7 8 9|7 8 9|7 8 9|
+-----+-----+-----+ +-----+-----+-----+ +-----+-----+-----+
+-----+-----+-----+ +-----+-----+-----+ +-----+-----+-----+
|1 2 3|1 2 3|1 2  | |1 2 3|1 2 3|1 2 3| |1   3|1 2 3|1 2 3|
|4 5 6|4   6|4 5 6| |4 5  |4 5 6|4 5 6| |4 5 6|4 5 6|4 5 6|
|7   9|  8 9|7 8 9| |7 8 9|7 8  |  8 9| |7 8 9|7 8 9|7 8 9|
+-----+-----+-----+ +-----+-----+-----+ +-----+-----+-----+
|1 2 3|1 2 3|1 2  | |1 2 3|1 2 3|1 2 3| |1   3|1 2 3|1 2 3|
|4 5 6|4   6|4 5 6| |4 5  |4 5 6|4 5 6| |4 5 6|4 5 6|4 5 6|
|7   9|  8 9|7 8 9| |7 8 9|7 8  |  8 9| |7 8 9|7 8 9|7 8 9|
+-----+-----+-----+ +-----+-----+-----+ +-----+-----+-----+
|1 2 3|1 2 3|1 2  | |1 2 3|1 2 3|1 2 3| |1   3|1 2 3|1 2 3|
|4 5 6|4   6|4 5 6| |4 5  |4 5 6|4 5 6| |4 5 6|4 5 6|4 5 6|
|7   9|  8 9|7 8 9| |7 8 9|7 8  |  8 9| |7 8 9|7 8 9|7 8 9|
+-----+-----+-----+ +-----+-----+-----+ +-----+-----+-----+


+-----+-----+-----+ +-----+-----+-----+ +-----+-----+-----+
|     |1 2  |1 2  | |1 2 3|1 2 3|1 2 3| |1   3|1   3|1   3|
|     |4   6|4 5 6| |4 5  |  5  |4 5  | |4 5 6|4 5 6|4 5 6|
|  8  |    9|    9| |7    |7    |     | |7   9|7   9|7   9|
+-----+-----+-----+ +-----+-----+-----+ +-----+-----+-----+
|1 2  |1 2  |    3| |     |1 2  |1 2  | |1    |1    |1    |
|4 5  |4    |     | |    6|  5  |4 5  | |4 5  |4 5  |4 5  |
|    9|    9|     | |     |7 8  |  8  | |7 8 9|7 8 9|7 8 9|
+-----+-----+-----+ +-----+-----+-----+ +-----+-----+-----+
|1    |     |1    | |1   3|     |1   3| |  2  |1   3|1   3|
|4 5 6|     |4 5 6| |4 5  |     |4 5  | |     |4 5 6|4 5 6|
|     |7    |     | |  8  |    9|  8  | |     |  8  |  8  |
+-----+-----+-----+ +-----+-----+-----+ +-----+-----+-----+
+-----+-----+-----+ +-----+-----+-----+ +-----+-----+-----+
|1 2 3|     |1 2  | |1 2 3|1 2 3|     | |1   3|1 2 3|1 2 3|
|4   6|  5  |4   6| |     |    6|     | |4   6|4   6|4   6|
|    9|     |  8 9| |  8 9|  8  |7    | |  8 9|  8 9|  8 9|
+-----+-----+-----+ +-----+-----+-----+ +-----+-----+-----+
|1 2 3|1 2 3|1 2  | |1 2 3|     |1 2 3| |1   3|1 2 3|1 2 3|
|    6|    6|    6| |  5  |4    |  5 6| |  5 6|  5 6|  5 6|
|7   9|  8 9|7 8 9| |  8 9|     |  8 9| |7 8 9|7 8 9|7 8 9|
+-----+-----+-----+ +-----+-----+-----+ +-----+-----+-----+
|1 2 3|1 2 3|1 2  | |1 2 3|1 2 3|1 2 3| |1   3|1 2 3|1 2 3|
|4   6|4   6|4   6| |  5  |  5 6|  5 6| |4 5 6|4 5 6|4 5 6|
|7   9|  8 9|7 8 9| |  8 9|  8  |  8 9| |7 8 9|7 8 9|7 8 9|
+-----+-----+-----+ +-----+-----+-----+ +-----+-----+-----+
+-----+-----+-----+ +-----+-----+-----+ +-----+-----+-----+
|1 2 3|1 2 3|1 2  | |1 2 3|1 2 3|1 2 3| |1   3|1 2 3|1 2 3|
|4 5 6|4   6|4 5 6| |4 5  |  5 6|4 5 6| |4 5 6|4 5 6|4 5 6|
|7   9|  8 9|7 8 9| |7 8 9|7 8  |  8 9| |7 8 9|7 8 9|7 8 9|
+-----+-----+-----+ +-----+-----+-----+ +-----+-----+-----+
|1 2 3|1 2 3|1 2  | |1 2 3|1 2 3|1 2 3| |1   3|1 2 3|1 2 3|
|4 5 6|4   6|4 5 6| |4 5  |  5 6|4 5 6| |4 5 6|4 5 6|4 5 6|
|7   9|  8 9|7 8 9| |7 8 9|7 8  |  8 9| |7 8 9|7 8 9|7 8 9|
+-----+-----+-----+ +-----+-----+-----+ +-----+-----+-----+
|1 2 3|1 2 3|1 2  | |1 2 3|1 2 3|1 2 3| |1   3|1 2 3|1 2 3|
|4 5 6|4   6|4 5 6| |4 5  |  5 6|4 5 6| |4 5 6|4 5 6|4 5 6|
|7   9|  8 9|7 8 9| |7 8 9|7 8  |  8 9| |7 8 9|7 8 9|7 8 9|
+-----+-----+-----+ +-----+-----+-----+ +-----+-----+-----+


+-----+-----+-----+ +-----+-----+-----+ +-----+-----+-----+
|     |1 2  |1 2  | |1 2 3|1 2 3|1 2 3| |1   3|1   3|1   3|
|     |4   6|4 5 6| |4 5  |  5  |4    | |4 5 6|4 5 6|4 5 6|
|  8  |    9|    9| |7    |7    |     | |7   9|7   9|7   9|
+-----+-----+-----+ +-----+-----+-----+ +-----+-----+-----+
|1 2  |1 2  |    3| |     |1 2  |1 2  | |1    |1    |1    |
|4 5  |4    |     | |    6|  5  |4    | |4 5  |4 5  |4 5  |
|    9|    9|     | |     |7 8  |  8  | |7 8 9|7 8 9|7 8 9|
+-----+-----+-----+ +-----+-----+-----+ +-----+-----+-----+
|1    |     |1    | |1   3|     |1   3| |  2  |1   3|1   3|
|4 5 6|     |4 5 6| |4 5  |     |4    | |     |4 5 6|4 5 6|
|     |7    |     | |  8  |    9|  8  | |     |  8  |  8  |
+-----+-----+-----+ +-----+-----+-----+ +-----+-----+-----+
+-----+-----+-----+ +-----+-----+-----+ +-----+-----+-----+
|1 2 3|     |1 2  | |1 2 3|1 2 3|     | |1   3|1 2 3|1 2 3|
|4   6|  5  |4   6| |     |    6|     | |4   6|4   6|4   6|
|    9|     |  8 9| |  8 9|  8  |7    | |  8 9|  8 9|  8 9|
+-----+-----+-----+ +-----+-----+-----+ +-----+-----+-----+
|1 2 3|1 2 3|1 2  | |1 2 3|     |     | |1   3|1 2 3|1 2 3|
|    6|    6|    6| |     |4    |  5  | |    6|    6|    6|
|7   9|  8 9|7 8 9| |  8 9|     |     | |7 8 9|7 8 9|7 8 9|
+-----+-----+-----+ +-----+-----+-----+ +-----+-----+-----+
|1 2 3|1 2 3|1 2  | |1 2 3|1 2 3|1 2 3| |1   3|1 2 3|1 2 3|
|4   6|4   6|4   6| |     |    6|    6| |4 5 6|4 5 6|4 5 6|
|7   9|  8 9|7 8 9| |  8 9|  8  |  8 9| |7 8 9|7 8 9|7 8 9|
+-----+-----+-----+ +-----+-----+-----+ +-----+-----+-----+
+-----+-----+-----+ +-----+-----+-----+ +-----+-----+-----+
|1 2 3|1 2 3|1 2  | |1 2 3|1 2 3|1 2 3| |1   3|1 2 3|1 2 3|
|4 5 6|4   6|4 5 6| |4 5  |  5 6|4   6| |4 5 6|4 5 6|4 5 6|
|7   9|  8 9|7 8 9| |7 8 9|7 8  |  8 9| |7 8 9|7 8 9|7 8 9|
+-----+-----+-----+ +-----+-----+-----+ +-----+-----+-----+
|1 2 3|1 2 3|1 2  | |1 2 3|1 2 3|1 2 3| |1   3|1 2 3|1 2 3|
|4 5 6|4   6|4 5 6| |4 5  |  5 6|4   6| |4 5 6|4 5 6|4 5 6|
|7   9|  8 9|7 8 9| |7 8 9|7 8  |  8 9| |7 8 9|7 8 9|7 8 9|
+-----+-----+-----+ +-----+-----+-----+ +-----+-----+-----+
|1 2 3|1 2 3|1 2  | |1 2 3|1 2 3|1 2 3| |1   3|1 2 3|1 2 3|
|4 5 6|4   6|4 5 6| |4 5  |  5 6|4   6| |4 5 6|4 5 6|4 5 6|
|7   9|  8 9|7 8 9| |7 8 9|7 8  |  8 9| |7 8 9|7 8 9|7 8 9|
+-----+-----+-----+ +-----+-----+-----+ +-----+-----+-----+


+-----+-----+-----+ +-----+-----+-----+ +-----+-----+-----+
|     |1 2  |1 2  | |1 2 3|1 2 3|1 2 3| |1   3|1   3|1   3|
|     |4   6|4 5 6| |4 5  |  5  |4    | |4 5 6|4 5 6|4 5 6|
|  8  |    9|    9| |7    |7    |     | |    9|7   9|7   9|
+-----+-----+-----+ +-----+-----+-----+ +-----+-----+-----+
|1 2  |1 2  |    3| |     |1 2  |1 2  | |1    |1    |1    |
|4 5  |4    |     | |    6|  5  |4    | |4 5  |4 5  |4 5  |
|    9|    9|     | |     |7 8  |  8  | |  8 9|7 8 9|7 8 9|
+-----+-----+-----+ +-----+-----+-----+ +-----+-----+-----+
|1    |     |1    | |1   3|     |1   3| |  2  |1   3|1   3|
|4 5 6|     |4 5 6| |4 5  |     |4    | |     |4 5 6|4 5 6|
|     |7    |     | |  8  |    9|  8  | |     |  8  |  8  |
+-----+-----+-----+ +-----+-----+-----+ +-----+-----+-----+
+-----+-----+-----+ +-----+-----+-----+ +-----+-----+-----+
|1 2 3|     |1 2  | |1 2 3|1 2 3|     | |1   3|1 2 3|1 2 3|
|4   6|  5  |4   6| |     |    6|     | |4   6|4   6|4   6|
|    9|     |  8 9| |  8 9|  8  |7    | |  8 9|  8 9|  8 9|
+-----+-----+-----+ +-----+-----+-----+ +-----+-----+-----+
|1 2 3|1 2 3|1 2  | |1 2 3|     |     | |     |1 2 3|1 2 3|
|    6|    6|    6| |     |4    |  5  | |     |    6|    6|
|    9|  8 9|  8 9| |  8 9|     |     | |7    |  8 9|  8 9|
+-----+-----+-----+ +-----+-----+-----+ +-----+-----+-----+
|1 2 3|1 2 3|1 2  | |1 2 3|1 2 3|1 2 3| |1   3|1 2 3|1 2 3|
|4   6|4   6|4   6| |     |    6|    6| |4 5 6|4 5 6|4 5 6|
|7   9|  8 9|7 8 9| |  8 9|  8  |  8 9| |  8 9|  8 9|  8 9|
+-----+-----+-----+ +-----+-----+-----+ +-----+-----+-----+
+-----+-----+-----+ +-----+-----+-----+ +-----+-----+-----+
|1 2 3|1 2 3|1 2  | |1 2 3|1 2 3|1 2 3| |1   3|1 2 3|1 2 3|
|4 5 6|4   6|4 5 6| |4 5  |  5 6|4   6| |4 5 6|4 5 6|4 5 6|
|7   9|  8 9|7 8 9| |7 8 9|7 8  |  8 9| |  8 9|7 8 9|7 8 9|
+-----+-----+-----+ +-----+-----+-----+ +-----+-----+-----+
|1 2 3|1 2 3|1 2  | |1 2 3|1 2 3|1 2 3| |1   3|1 2 3|1 2 3|
|4 5 6|4   6|4 5 6| |4 5  |  5 6|4   6| |4 5 6|4 5 6|4 5 6|
|7   9|  8 9|7 8 9| |7 8 9|7 8  |  8 9| |  8 9|7 8 9|7 8 9|
+-----+-----+-----+ +-----+-----+-----+ +-----+-----+-----+
|1 2 3|1 2 3|1 2  | |1 2 3|1 2 3|1 2 3| |1   3|1 2 3|1 2 3|
|4 5 6|4   6|4 5 6| |4 5  |  5 6|4   6| |4 5 6|4 5 6|4 5 6|
|7   9|  8 9|7 8 9| |7 8 9|7 8  |  8 9| |  8 9|7 8 9|7 8 9|
+-----+-----+-----+ +-----+-----+-----+ +-----+-----+-----+


+-----+-----+-----+ +-----+-----+-----+ +-----+-----+-----+
|     |1 2  |1 2  | |  2 3|1 2 3|1 2 3| |1   3|1   3|1   3|
|     |4   6|4 5 6| |4 5  |  5  |4    | |4 5 6|4 5 6|4 5 6|
|  8  |    9|    9| |7    |7    |     | |    9|7   9|7   9|
+-----+-----+-----+ +-----+-----+-----+ +-----+-----+-----+
|1 2  |1 2  |    3| |     |1 2  |1 2  | |1    |1    |1    |
|4 5  |4    |     | |    6|  5  |4    | |4 5  |4 5  |4 5  |
|    9|    9|     | |     |7 8  |  8  | |  8 9|7 8 9|7 8 9|
+-----+-----+-----+ +-----+-----+-----+ +-----+-----+-----+
|1    |     |1    | |    3|     |1   3| |  2  |1   3|1   3|
|4 5 6|     |4 5 6| |4 5  |     |4    | |     |4 5 6|4 5 6|
|     |7    |     | |  8  |    9|  8  | |     |  8  |  8  |
+-----+-----+-----+ +-----+-----+-----+ +-----+-----+-----+
+-----+-----+-----+ +-----+-----+-----+ +-----+-----+-----+
|1 2 3|     |1 2  | |  2 3|  2 3|     | |1   3|1 2 3|1 2 3|
|4   6|  5  |4   6| |     |    6|     | |4   6|4   6|4   6|
|    9|     |  8 9| |  8 9|  8  |7    | |  8 9|  8 9|  8 9|
+-----+-----+-----+ +-----+-----+-----+ +-----+-----+-----+
|1 2 3|1 2 3|1 2  | |  2 3|     |     | |     |1 2 3|1 2 3|
|    6|    6|    6| |     |4    |  5  | |     |    6|    6|
|    9|  8 9|  8 9| |  8 9|     |     | |7    |  8 9|  8 9|
+-----+-----+-----+ +-----+-----+-----+ +-----+-----+-----+
|  2 3|  2 3|  2  | |1    |  2 3|  2 3| |    3|  2 3|  2 3|
|4   6|4   6|4   6| |     |    6|    6| |4 5 6|4 5 6|4 5 6|
|7   9|  8 9|7 8 9| |     |  8  |  8 9| |  8 9|  8 9|  8 9|
+-----+-----+-----+ +-----+-----+-----+ +-----+-----+-----+
+-----+-----+-----+ +-----+-----+-----+ +-----+-----+-----+
|1 2 3|1 2 3|1 2  | |  2 3|1 2 3|1 2 3| |1   3|1 2 3|1 2 3|
|4 5 6|4   6|4 5 6| |4 5  |  5 6|4   6| |4 5 6|4 5 6|4 5 6|
|7   9|  8 9|7 8 9| |7 8 9|7 8  |  8 9| |  8 9|7 8 9|7 8 9|
+-----+-----+-----+ +-----+-----+-----+ +-----+-----+-----+
|1 2 3|1 2 3|1 2  | |  2 3|1 2 3|1 2 3| |1   3|1 2 3|1 2 3|
|4 5 6|4   6|4 5 6| |4 5  |  5 6|4   6| |4 5 6|4 5 6|4 5 6|
|7   9|  8 9|7 8 9| |7 8 9|7 8  |  8 9| |  8 9|7 8 9|7 8 9|
+-----+-----+-----+ +-----+-----+-----+ +-----+-----+-----+
|1 2 3|1 2 3|1 2  | |  2 3|1 2 3|1 2 3| |1   3|1 2 3|1 2 3|
|4 5 6|4   6|4 5 6| |4 5  |  5 6|4   6| |4 5 6|4 5 6|4 5 6|
|7   9|  8 9|7 8 9| |7 8 9|7 8  |  8 9| |  8 9|7 8 9|7 8 9|
+-----+-----+-----+ +-----+-----+-----+ +-----+-----+-----+


+-----+-----+-----+ +-----+-----+-----+ +-----+-----+-----+
|     |1 2  |1 2  | |  2 3|1 2 3|1 2 3| |1   3|1    |1   3|
|     |4   6|4 5 6| |4 5  |  5  |4    | |4 5 6|4 5 6|4 5 6|
|  8  |    9|    9| |7    |7    |     | |    9|7   9|7   9|
+-----+-----+-----+ +-----+-----+-----+ +-----+-----+-----+
|1 2  |1 2  |    3| |     |1 2  |1 2  | |1    |1    |1    |
|4 5  |4    |     | |    6|  5  |4    | |4 5  |4 5  |4 5  |
|    9|    9|     | |     |7 8  |  8  | |  8 9|7 8 9|7 8 9|
+-----+-----+-----+ +-----+-----+-----+ +-----+-----+-----+
|1    |     |1    | |    3|     |1   3| |  2  |1    |1   3|
|4 5 6|     |4 5 6| |4 5  |     |4    | |     |4 5 6|4 5 6|
|     |7    |     | |  8  |    9|  8  | |     |  8  |  8  |
+-----+-----+-----+ +-----+-----+-----+ +-----+-----+-----+
+-----+-----+-----+ +-----+-----+-----+ +-----+-----+-----+
|1 2 3|     |1 2  | |  2 3|  2 3|     | |1    |1 2  |1 2  |
|4   6|  5  |4   6| |     |    6|     | |4   6|4   6|4   6|
|    9|     |  8 9| |  8 9|  8  |7    | |  8 9|  8 9|  8 9|
+-----+-----+-----+ +-----+-----+-----+ +-----+-----+-----+
|1 2 3|1 2 3|1 2  | |  2 3|     |     | |     |1 2  |1 2  |
|    6|    6|    6| |     |4    |  5  | |     |    6|    6|
|    9|  8 9|  8 9| |  8 9|     |     | |7    |  8 9|  8 9|
+-----+-----+-----+ +-----+-----+-----+ +-----+-----+-----+
|  2  |  2  |  2  | |1    |  2  |  2  | |     |    3|  2  |
|4   6|4   6|4   6| |     |    6|    6| |4 5 6|     |4 5 6|
|7   9|  8 9|7 8 9| |     |  8  |  8 9| |  8 9|     |  8 9|
+-----+-----+-----+ +-----+-----+-----+ +-----+-----+-----+
+-----+-----+-----+ +-----+-----+-----+ +-----+-----+-----+
|1 2 3|1 2 3|1 2  | |  2 3|1 2 3|1 2 3| |1   3|1 2  |1 2 3|
|4 5 6|4   6|4 5 6| |4 5  |  5 6|4   6| |4 5 6|4 5 6|4 5 6|
|7   9|  8 9|7 8 9| |7 8 9|7 8  |  8 9| |  8 9|7 8 9|7 8 9|
+-----+-----+-----+ +-----+-----+-----+ +-----+-----+-----+
|1 2 3|1 2 3|1 2  | |  2 3|1 2 3|1 2 3| |1   3|1 2  |1 2 3|
|4 5 6|4   6|4 5 6| |4 5  |  5 6|4   6| |4 5 6|4 5 6|4 5 6|
|7   9|  8 9|7 8 9| |7 8 9|7 8  |  8 9| |  8 9|7 8 9|7 8 9|
+-----+-----+-----+ +-----+-----+-----+ +-----+-----+-----+
|1 2 3|1 2 3|1 2  | |  2 3|1 2 3|1 2 3| |1   3|1 2  |1 2 3|
|4 5 6|4   6|4 5 6| |4 5  |  5 6|4   6| |4 5 6|4 5 6|4 5 6|
|7   9|  8 9|7 8 9| |7 8 9|7 8  |  8 9| |  8 9|7 8 9|7 8 9|
+-----+-----+-----+ +-----+-----+-----+ +-----+-----+-----+


+-----+-----+-----+ +-----+-----+-----+ +-----+-----+-----+
|     |1 2  |  2  | |  2 3|1 2 3|1 2 3| |1   3|1    |1   3|
|     |4   6|4 5 6| |4 5  |  5  |4    | |4 5 6|4 5 6|4 5 6|
|  8  |    9|    9| |7    |7    |     | |    9|7   9|7   9|
+-----+-----+-----+ +-----+-----+-----+ +-----+-----+-----+
|1 2  |1 2  |    3| |     |1 2  |1 2  | |1    |1    |1    |
|4 5  |4    |     | |    6|  5  |4    | |4 5  |4 5  |4 5  |
|    9|    9|     | |     |7 8  |  8  | |  8 9|7 8 9|7 8 9|
+-----+-----+-----+ +-----+-----+-----+ +-----+-----+-----+
|1    |     |     | |    3|     |1   3| |  2  |1    |1   3|
|4 5 6|     |4 5 6| |4 5  |     |4    | |     |4 5 6|4 5 6|
|     |7    |     | |  8  |    9|  8  | |     |  8  |  8  |
+-----+-----+-----+ +-----+-----+-----+ +-----+-----+-----+
+-----+-----+-----+ +-----+-----+-----+ +-----+-----+-----+
|1 2 3|     |  2  | |  2 3|  2 3|     | |1    |1 2  |1 2  |
|4   6|  5  |4   6| |     |    6|     | |4   6|4   6|4   6|
|    9|     |  8 9| |  8 9|  8  |7    | |  8 9|  8 9|  8 9|
+-----+-----+-----+ +-----+-----+-----+ +-----+-----+-----+
|1 2 3|1 2 3|  2  | |  2 3|     |     | |     |1 2  |1 2  |
|    6|    6|    6| |     |4    |  5  | |     |    6|    6|
|    9|  8 9|  8 9| |  8 9|     |     | |7    |  8 9|  8 9|
+-----+-----+-----+ +-----+-----+-----+ +-----+-----+-----+
|  2  |  2  |  2  | |1    |  2  |  2  | |     |    3|  2  |
|4   6|4   6|4   6| |     |    6|    6| |4 5 6|     |4 5 6|
|7   9|  8 9|7 8 9| |     |  8  |  8 9| |  8 9|     |  8 9|
+-----+-----+-----+ +-----+-----+-----+ +-----+-----+-----+
+-----+-----+-----+ +-----+-----+-----+ +-----+-----+-----+
|  2 3|  2 3|1    | |  2 3|  2 3|  2 3| |    3|  2  |  2 3|
|4 5 6|4   6|     | |4 5  |  5 6|4   6| |4 5 6|4 5 6|4 5 6|
|7   9|  8 9|     | |7 8 9|7 8  |  8 9| |  8 9|7 8 9|7 8 9|
+-----+-----+-----+ +-----+-----+-----+ +-----+-----+-----+
|  2 3|  2 3|  2  | |  2 3|1 2 3|1 2 3| |1   3|1 2  |1 2 3|
|4 5 6|4   6|4 5 6| |4 5  |  5 6|4   6| |4 5 6|4 5 6|4 5 6|
|7   9|  8 9|7 8 9| |7 8 9|7 8  |  8 9| |  8 9|7 8 9|7 8 9|
+-----+-----+-----+ +-----+-----+-----+ +-----+-----+-----+
|  2 3|  2 3|  2  | |  2 3|1 2 3|1 2 3| |1   3|1 2  |1 2 3|
|4 5 6|4   6|4 5 6| |4 5  |  5 6|4   6| |4 5 6|4 5 6|4 5 6|
|7   9|  8 9|7 8 9| |7 8 9|7 8  |  8 9| |  8 9|7 8 9|7 8 9|
+-----+-----+-----+ +-----+-----+-----+ +-----+-----+-----+


+-----+-----+-----+ +-----+-----+-----+ +-----+-----+-----+
|     |1 2  |  2  | |  2 3|1 2 3|1 2 3| |1   3|1    |1   3|
|     |4   6|4 5 6| |4 5  |  5  |4    | |4 5 6|4 5  |4 5 6|
|  8  |    9|    9| |7    |7    |     | |    9|7   9|7   9|
+-----+-----+-----+ +-----+-----+-----+ +-----+-----+-----+
|1 2  |1 2  |    3| |     |1 2  |1 2  | |1    |1    |1    |
|4 5  |4    |     | |    6|  5  |4    | |4 5  |4 5  |4 5  |
|    9|    9|     | |     |7 8  |  8  | |  8 9|7 8 9|7 8 9|
+-----+-----+-----+ +-----+-----+-----+ +-----+-----+-----+
|1    |     |     | |    3|     |1   3| |  2  |1    |1   3|
|4 5 6|     |4 5 6| |4 5  |     |4    | |     |4 5  |4 5 6|
|     |7    |     | |  8  |    9|  8  | |     |  8  |  8  |
+-----+-----+-----+ +-----+-----+-----+ +-----+-----+-----+
+-----+-----+-----+ +-----+-----+-----+ +-----+-----+-----+
|1 2 3|     |  2  | |  2 3|  2 3|     | |1    |1 2  |1 2  |
|4   6|  5  |4   6| |     |    6|     | |4   6|4    |4   6|
|    9|     |  8 9| |  8 9|  8  |7    | |  8 9|  8 9|  8 9|
+-----+-----+-----+ +-----+-----+-----+ +-----+-----+-----+
|1 2 3|1 2 3|  2  | |  2 3|     |     | |     |1 2  |1 2  |
|    6|    6|    6| |     |4    |  5  | |     |     |    6|
|    9|  8 9|  8 9| |  8 9|     |     | |7    |  8 9|  8 9|
+-----+-----+-----+ +-----+-----+-----+ +-----+-----+-----+
|  2  |  2  |  2  | |1    |  2  |  2  | |     |    3|  2  |
|4   6|4   6|4   6| |     |    6|    6| |4 5 6|     |4 5 6|
|7   9|  8 9|7 8 9| |     |  8  |  8 9| |  8 9|     |  8 9|
+-----+-----+-----+ +-----+-----+-----+ +-----+-----+-----+
+-----+-----+-----+ +-----+-----+-----+ +-----+-----+-----+
|  2 3|  2 3|1    | |  2 3|  2 3|  2 3| |    3|     |  2 3|
|4 5  |4    |     | |4 5  |  5  |4    | |4 5  |    6|4 5  |
|7   9|  8 9|     | |7 8 9|7 8  |  8 9| |  8 9|     |7 8 9|
+-----+-----+-----+ +-----+-----+-----+ +-----+-----+-----+
|  2 3|  2 3|  2  | |  2 3|1 2 3|1 2 3| |1   3|1 2  |1 2 3|
|4 5 6|4   6|4 5 6| |4 5  |  5 6|4   6| |4 5  |4 5  |4 5  |
|7   9|  8 9|7 8 9| |7 8 9|7 8  |  8 9| |  8 9|7 8 9|7 8 9|
+-----+-----+-----+ +-----+-----+-----+ +-----+-----+-----+
|  2 3|  2 3|  2  | |  2 3|1 2 3|1 2 3| |1   3|1 2  |1 2 3|
|4 5 6|4   6|4 5 6| |4 5  |  5 6|4   6| |4 5  |4 5  |4 5  |
|7   9|  8 9|7 8 9| |7 8 9|7 8  |  8 9| |  8 9|7 8 9|7 8 9|
+-----+-----+-----+ +-----+-----+-----+ +-----+-----+-----+


+-----+-----+-----+ +-----+-----+-----+ +-----+-----+-----+
|     |1 2  |  2  | |  2 3|1 2 3|1 2 3| |1   3|1    |1   3|
|     |4   6|4 5 6| |4 5  |  5  |4    | |4 5 6|4 5  |4 5 6|
|  8  |    9|    9| |7    |7    |     | |    9|7   9|7   9|
+-----+-----+-----+ +-----+-----+-----+ +-----+-----+-----+
|1 2  |1 2  |    3| |     |1 2  |1 2  | |1    |1    |1    |
|4 5  |4    |     | |    6|  5  |4    | |4 5  |4 5  |4 5  |
|    9|    9|     | |     |7 8  |  8  | |  8 9|7 8 9|7   9|
+-----+-----+-----+ +-----+-----+-----+ +-----+-----+-----+
|1    |     |     | |    3|     |1   3| |  2  |1    |1   3|
|4 5 6|     |4 5 6| |4 5  |     |4    | |     |4 5  |4 5 6|
|     |7    |     | |  8  |    9|  8  | |     |  8  |     |
+-----+-----+-----+ +-----+-----+-----+ +-----+-----+-----+
+-----+-----+-----+ +-----+-----+-----+ +-----+-----+-----+
|1 2 3|     |  2  | |  2 3|  2 3|     | |1    |1 2  |1 2  |
|4   6|  5  |4   6| |     |    6|     | |4   6|4    |4   6|
|    9|     |  8 9| |  8 9|  8  |7    | |  8 9|  8 9|    9|
+-----+-----+-----+ +-----+-----+-----+ +-----+-----+-----+
|1 2 3|1 2 3|  2  | |  2 3|     |     | |     |1 2  |1 2  |
|    6|    6|    6| |     |4    |  5  | |     |     |    6|
|    9|  8 9|  8 9| |  8 9|     |     | |7    |  8 9|    9|
+-----+-----+-----+ +-----+-----+-----+ +-----+-----+-----+
|  2  |  2  |  2  | |1    |  2  |  2  | |     |    3|  2  |
|4   6|4   6|4   6| |     |    6|    6| |4 5 6|     |4 5 6|
|7   9|  8 9|7 8 9| |     |  8  |  8 9| |  8 9|     |    9|
+-----+-----+-----+ +-----+-----+-----+ +-----+-----+-----+
+-----+-----+-----+ +-----+-----+-----+ +-----+-----+-----+
|  2 3|  2 3|1    | |  2 3|  2 3|  2 3| |    3|     |     |
|4 5  |4    |     | |4 5  |  5  |4    | |4 5  |    6|     |
|7   9|    9|     | |7   9|7    |    9| |    9|     |  8  |
+-----+-----+-----+ +-----+-----+-----+ +-----+-----+-----+
|  2 3|  2 3|  2  | |  2 3|1 2 3|1 2 3| |1   3|1 2  |1 2 3|
|4 5 6|4   6|4 5 6| |4 5  |  5 6|4   6| |4 5  |4 5  |4 5  |
|7   9|  8 9|7 8 9| |7 8 9|7 8  |  8 9| |    9|7   9|7   9|
+-----+-----+-----+ +-----+-----+-----+ +-----+-----+-----+
|  2 3|  2 3|  2  | |  2 3|1 2 3|1 2 3| |1   3|1 2  |1 2 3|
|4 5 6|4   6|4 5 6| |4 5  |  5 6|4   6| |4 5  |4 5  |4 5  |
|7   9|  8 9|7 8 9| |7 8 9|7 8  |  8 9| |    9|7   9|7   9|
+-----+-----+-----+ +-----+-----+-----+ +-----+-----+-----+


+-----+-----+-----+ +-----+-----+-----+ +-----+-----+-----+
|     |1 2  |  2  | |  2 3|1 2 3|1 2 3| |1   3|1    |1   3|
|     |4   6|4 5 6| |4 5  |  5  |4    | |4 5 6|4 5  |4 5 6|
|  8  |    9|    9| |7    |7    |     | |    9|7   9|7   9|
+-----+-----+-----+ +-----+-----+-----+ +-----+-----+-----+
|1 2  |1 2  |    3| |     |1 2  |1 2  | |1    |1    |1    |
|4 5  |4    |     | |    6|  5  |4    | |4 5  |4 5  |4 5  |
|    9|    9|     | |     |7 8  |  8  | |  8 9|7 8 9|7   9|
+-----+-----+-----+ +-----+-----+-----+ +-----+-----+-----+
|1    |     |     | |    3|     |1   3| |  2  |1    |1   3|
|4 5 6|     |4 5 6| |4 5  |     |4    | |     |4 5  |4 5 6|
|     |7    |     | |  8  |    9|  8  | |     |  8  |     |
+-----+-----+-----+ +-----+-----+-----+ +-----+-----+-----+
+-----+-----+-----+ +-----+-----+-----+ +-----+-----+-----+
|1 2 3|     |  2  | |  2 3|  2 3|     | |1    |1 2  |1 2  |
|4   6|  5  |4   6| |     |    6|     | |4   6|4    |4   6|
|    9|     |    9| |  8 9|  8  |7    | |  8 9|  8 9|    9|
+-----+-----+-----+ +-----+-----+-----+ +-----+-----+-----+
|1 2 3|1 2 3|  2  | |  2 3|     |     | |     |1 2  |1 2  |
|    6|    6|    6| |     |4    |  5  | |     |     |    6|
|    9|  8 9|    9| |  8 9|     |     | |7    |  8 9|    9|
+-----+-----+-----+ +-----+-----+-----+ +-----+-----+-----+
|  2  |  2  |  2  | |1    |  2  |  2  | |     |    3|  2  |
|4   6|4   6|4   6| |     |    6|    6| |4 5 6|     |4 5 6|
|7   9|  8 9|7   9| |     |  8  |  8 9| |  8 9|     |    9|
+-----+-----+-----+ +-----+-----+-----+ +-----+-----+-----+
+-----+-----+-----+ +-----+-----+-----+ +-----+-----+-----+
|  2 3|  2 3|1    | |  2 3|  2 3|  2 3| |    3|     |     |
|4 5  |4    |     | |4 5  |  5  |4    | |4 5  |    6|     |
|7   9|    9|     | |7   9|7    |    9| |    9|     |  8  |
+-----+-----+-----+ +-----+-----+-----+ +-----+-----+-----+
|  2 3|  2 3|     | |  2 3|1 2 3|1 2 3| |1   3|1 2  |1 2 3|
|4 5 6|4   6|     | |4 5  |  5 6|4   6| |4 5  |4 5  |4 5  |
|7   9|    9|  8  | |7   9|7    |    9| |    9|7   9|7   9|
+-----+-----+-----+ +-----+-----+-----+ +-----+-----+-----+
|  2 3|  2 3|  2  | |  2 3|1 2 3|1 2 3| |1   3|1 2  |1 2 3|
|4 5 6|4   6|4 5 6| |4 5  |  5 6|4   6| |4 5  |4 5  |4 5  |
|7   9|    9|7   9| |7 8 9|7 8  |  8 9| |    9|7   9|7   9|
+-----+-----+-----+ +-----+-----+-----+ +-----+-----+-----+


+-----+-----+-----+ +-----+-----+-----+ +-----+-----+-----+
|     |1 2  |  2  | |  2 3|1 2 3|1 2 3| |1   3|1    |1   3|
|     |4   6|4 5 6| |4    |  5  |4    | |4 5 6|4 5  |4 5 6|
|  8  |    9|    9| |7    |7    |     | |    9|7   9|7   9|
+-----+-----+-----+ +-----+-----+-----+ +-----+-----+-----+
|1 2  |1 2  |    3| |     |1 2  |1 2  | |1    |1    |1    |
|4 5  |4    |     | |    6|  5  |4    | |4 5  |4 5  |4 5  |
|    9|    9|     | |     |7 8  |  8  | |  8 9|7 8 9|7   9|
+-----+-----+-----+ +-----+-----+-----+ +-----+-----+-----+
|1    |     |     | |    3|     |1   3| |  2  |1    |1   3|
|4 5 6|     |4 5 6| |4    |     |4    | |     |4 5  |4 5 6|
|     |7    |     | |  8  |    9|  8  | |     |  8  |     |
+-----+-----+-----+ +-----+-----+-----+ +-----+-----+-----+
+-----+-----+-----+ +-----+-----+-----+ +-----+-----+-----+
|1 2 3|     |  2  | |  2 3|  2 3|     | |1    |1 2  |1 2  |
|4   6|  5  |4   6| |     |    6|     | |4   6|4    |4   6|
|    9|     |    9| |  8 9|  8  |7    | |  8 9|  8 9|    9|
+-----+-----+-----+ +-----+-----+-----+ +-----+-----+-----+
|1 2 3|1 2 3|  2  | |  2 3|     |     | |     |1 2  |1 2  |
|    6|    6|    6| |     |4    |  5  | |     |     |    6|
|    9|  8 9|    9| |  8 9|     |     | |7    |  8 9|    9|
+-----+-----+-----+ +-----+-----+-----+ +-----+-----+-----+
|  2  |  2  |  2  | |1    |  2  |  2  | |     |    3|  2  |
|4   6|4   6|4   6| |     |    6|    6| |4 5 6|     |4 5 6|
|7   9|  8 9|7   9| |     |  8  |  8 9| |  8 9|     |    9|
+-----+-----+-----+ +-----+-----+-----+ +-----+-----+-----+
+-----+-----+-----+ +-----+-----+-----+ +-----+-----+-----+
|  2 3|  2 3|1    | |  2 3|  2 3|  2 3| |    3|     |     |
|4 5  |4    |     | |4    |     |4    | |4 5  |    6|     |
|7   9|    9|     | |7   9|7    |    9| |    9|     |  8  |
+-----+-----+-----+ +-----+-----+-----+ +-----+-----+-----+
|  2 3|  2 3|     | |     |1 2 3|1 2 3| |1   3|1 2  |1 2 3|
|4   6|4   6|     | |  5  |    6|4   6| |4    |4    |4    |
|7   9|    9|  8  | |     |7    |    9| |    9|7   9|7   9|
+-----+-----+-----+ +-----+-----+-----+ +-----+-----+-----+
|  2 3|  2 3|  2  | |  2 3|1 2 3|1 2 3| |1   3|1 2  |1 2 3|
|4 5 6|4   6|4 5 6| |4    |    6|4   6| |4 5  |4 5  |4 5  |
|7   9|    9|7   9| |7 8 9|7 8  |  8 9| |    9|7   9|7   9|
+-----+-----+-----+ +-----+-----+-----+ +-----+-----+-----+


+-----+-----+-----+ +-----+-----+-----+ +-----+-----+-----+
|     |1 2  |  2  | |  2 3|1 2 3|1 2 3| |1   3|     |1   3|
|     |4   6|4 5 6| |4    |  5  |4    | |4 5 6|4 5  |4 5 6|
|  8  |    9|    9| |7    |7    |     | |    9|7   9|7   9|
+-----+-----+-----+ +-----+-----+-----+ +-----+-----+-----+
|1 2  |1 2  |    3| |     |1 2  |1 2  | |1    |     |1    |
|4 5  |4    |     | |    6|  5  |4    | |4 5  |4 5  |4 5  |
|    9|    9|     | |     |7 8  |  8  | |  8 9|7 8 9|7   9|
+-----+-----+-----+ +-----+-----+-----+ +-----+-----+-----+
|1    |     |     | |    3|     |1   3| |  2  |     |1   3|
|4 5 6|     |4 5 6| |4    |     |4    | |     |4 5  |4 5 6|
|     |7    |     | |  8  |    9|  8  | |     |  8  |     |
+-----+-----+-----+ +-----+-----+-----+ +-----+-----+-----+
+-----+-----+-----+ +-----+-----+-----+ +-----+-----+-----+
|1 2 3|     |  2  | |  2 3|  2 3|     | |1    |  2  |1 2  |
|4   6|  5  |4   6| |     |    6|     | |4   6|4    |4   6|
|    9|     |    9| |  8 9|  8  |7    | |  8 9|  8 9|    9|
+-----+-----+-----+ +-----+-----+-----+ +-----+-----+-----+
|1 2 3|1 2 3|  2  | |  2 3|     |     | |     |  2  |1 2  |
|    6|    6|    6| |     |4    |  5  | |     |     |    6|
|    9|  8 9|    9| |  8 9|     |     | |7    |  8 9|    9|
+-----+-----+-----+ +-----+-----+-----+ +-----+-----+-----+
|  2  |  2  |  2  | |1    |  2  |  2  | |     |    3|  2  |
|4   6|4   6|4   6| |     |    6|    6| |4 5 6|     |4 5 6|
|7   9|  8 9|7   9| |     |  8  |  8 9| |  8 9|     |    9|
+-----+-----+-----+ +-----+-----+-----+ +-----+-----+-----+
+-----+-----+-----+ +-----+-----+-----+ +-----+-----+-----+
|  2 3|  2 3|1    | |  2 3|  2 3|  2 3| |    3|     |     |
|4 5  |4    |     | |4    |     |4    | |4 5  |    6|     |
|7   9|    9|     | |7   9|7    |    9| |    9|     |  8  |
+-----+-----+-----+ +-----+-----+-----+ +-----+-----+-----+
|  2 3|  2 3|     | |     |  2 3|  2 3| |    3|1    |  2 3|
|4   6|4   6|     | |  5  |    6|4   6| |4    |     |4    |
|7   9|    9|  8  | |     |7    |    9| |    9|     |7   9|
+-----+-----+-----+ +-----+-----+-----+ +-----+-----+-----+
|  2 3|  2 3|  2  | |  2 3|1 2 3|1 2 3| |    3|  2  |  2 3|
|4 5 6|4   6|4 5 6| |4    |    6|4   6| |4 5  |4 5  |4 5  |
|7   9|    9|7   9| |7 8 9|7 8  |  8 9| |    9|7   9|7   9|
+-----+-----+-----+ +-----+-----+-----+ +-----+-----+-----+


+-----+-----+-----+ +-----+-----+-----+ +-----+-----+-----+
|     |1 2  |  2  | |  2 3|1 2 3|1 2 3| |1   3|     |1   3|
|     |4   6|4 5 6| |4    |  5  |4    | |4 5 6|4 5  |4 5 6|
|  8  |     |    9| |7    |7    |     | |    9|7   9|7   9|
+-----+-----+-----+ +-----+-----+-----+ +-----+-----+-----+
|1 2  |1 2  |    3| |     |1 2  |1 2  | |1    |     |1    |
|4 5  |4    |     | |    6|  5  |4    | |4 5  |4 5  |4 5  |
|    9|     |     | |     |7 8  |  8  | |  8 9|7 8 9|7   9|
+-----+-----+-----+ +-----+-----+-----+ +-----+-----+-----+
|1    |     |     | |    3|     |1   3| |  2  |     |1   3|
|4 5 6|     |4 5 6| |4    |     |4    | |     |4 5  |4 5 6|
|     |7    |     | |  8  |    9|  8  | |     |  8  |     |
+-----+-----+-----+ +-----+-----+-----+ +-----+-----+-----+
+-----+-----+-----+ +-----+-----+-----+ +-----+-----+-----+
|1 2 3|     |  2  | |  2 3|  2 3|     | |1    |  2  |1 2  |
|4   6|  5  |4   6| |     |    6|     | |4   6|4    |4   6|
|    9|     |    9| |  8 9|  8  |7    | |  8 9|  8 9|    9|
+-----+-----+-----+ +-----+-----+-----+ +-----+-----+-----+
|1 2 3|1 2 3|  2  | |  2 3|     |     | |     |  2  |1 2  |
|    6|    6|    6| |     |4    |  5  | |     |     |    6|
|    9|  8  |    9| |  8 9|     |     | |7    |  8 9|    9|
+-----+-----+-----+ +-----+-----+-----+ +-----+-----+-----+
|  2  |  2  |  2  | |1    |  2  |  2  | |     |    3|  2  |
|4   6|4   6|4   6| |     |    6|    6| |4 5 6|     |4 5 6|
|7   9|  8  |7   9| |     |  8  |  8 9| |  8 9|     |    9|
+-----+-----+-----+ +-----+-----+-----+ +-----+-----+-----+
+-----+-----+-----+ +-----+-----+-----+ +-----+-----+-----+
|  2 3|  2 3|1    | |  2 3|  2 3|  2 3| |    3|     |     |
|4 5  |4    |     | |4    |     |4    | |4 5  |    6|     |
|7    |     |     | |7   9|7    |    9| |    9|     |  8  |
+-----+-----+-----+ +-----+-----+-----+ +-----+-----+-----+
|  2 3|  2 3|     | |     |  2 3|  2 3| |    3|1    |  2 3|
|4   6|4   6|     | |  5  |    6|4   6| |4    |     |4    |
|7    |     |  8  | |     |7    |    9| |    9|     |7   9|
+-----+-----+-----+ +-----+-----+-----+ +-----+-----+-----+
|  2 3|     |  2  | |  2 3|1 2 3|1 2 3| |    3|  2  |  2 3|
|4 5 6|     |4 5 6| |4    |    6|4   6| |4 5  |4 5  |4 5  |
|7    |    9|7    | |7 8  |7 8  |  8  | |     |7    |7    |
+-----+-----+-----+ +-----+-----+-----+ +-----+-----+-----+


+-----+-----+-----+ +-----+-----+-----+ +-----+-----+-----+
|     |1 2  |  2  | |  2 3|1 2 3|1 2 3| |1   3|     |1   3|
|     |4   6|4 5 6| |4    |  5  |4    | |  5 6|4 5  |4 5 6|
|  8  |     |    9| |7    |7    |     | |    9|7   9|7   9|
+-----+-----+-----+ +-----+-----+-----+ +-----+-----+-----+
|1 2  |1 2  |    3| |     |1 2  |1 2  | |1    |     |1    |
|4 5  |4    |     | |    6|  5  |4    | |  5  |4 5  |4 5  |
|    9|     |     | |     |7 8  |  8  | |  8 9|7 8 9|7   9|
+-----+-----+-----+ +-----+-----+-----+ +-----+-----+-----+
|1    |     |     | |    3|     |1   3| |  2  |     |1   3|
|4 5 6|     |4 5 6| |4    |     |4    | |     |4 5  |4 5 6|
|     |7    |     | |  8  |    9|  8  | |     |  8  |     |
+-----+-----+-----+ +-----+-----+-----+ +-----+-----+-----+
+-----+-----+-----+ +-----+-----+-----+ +-----+-----+-----+
|1 2 3|     |  2  | |  2 3|  2 3|     | |1    |  2  |1 2  |
|4   6|  5  |4   6| |     |    6|     | |    6|4    |4   6|
|    9|     |    9| |  8 9|  8  |7    | |  8 9|  8 9|    9|
+-----+-----+-----+ +-----+-----+-----+ +-----+-----+-----+
|1 2 3|1 2 3|  2  | |  2 3|     |     | |     |  2  |1 2  |
|    6|    6|    6| |     |4    |  5  | |     |     |    6|
|    9|  8  |    9| |  8 9|     |     | |7    |  8 9|    9|
+-----+-----+-----+ +-----+-----+-----+ +-----+-----+-----+
|  2  |  2  |  2  | |1    |  2  |  2  | |     |    3|  2  |
|4   6|4   6|4   6| |     |    6|    6| |  5 6|     |4 5 6|
|7   9|  8  |7   9| |     |  8  |  8 9| |  8 9|     |    9|
+-----+-----+-----+ +-----+-----+-----+ +-----+-----+-----+
+-----+-----+-----+ +-----+-----+-----+ +-----+-----+-----+
|  2 3|  2 3|1    | |  2 3|  2 3|  2 3| |    3|     |     |
|4 5  |4    |     | |4    |     |4    | |  5  |    6|     |
|7    |     |     | |7   9|7    |    9| |    9|     |  8  |
+-----+-----+-----+ +-----+-----+-----+ +-----+-----+-----+
|  2 3|  2 3|     | |     |  2 3|  2 3| |    3|1    |  2 3|
|4   6|4   6|     | |  5  |    6|4   6| |     |     |     |
|7    |     |  8  | |     |7    |    9| |    9|     |7   9|
+-----+-----+-----+ +-----+-----+-----+ +-----+-----+-----+
|  2 3|     |  2  | |  2 3|1 2 3|1 2 3| |     |  2  |  2 3|
|  5 6|     |  5 6| |     |    6|    6| |4    |  5  |  5  |
|7    |    9|7    | |7 8  |7 8  |  8  | |     |7    |7    |
+-----+-----+-----+ +-----+-----+-----+ +-----+-----+-----+


Board ready
+-----+-----+-----+ +-----+-----+-----+ +-----+-----+-----+
|     |1 2  |  2  | |  2 3|1 2 3|1 2 3| |1   3|     |1   3|
|     |4   6|4 5 6| |4    |  5  |4    | |  5 6|4 5  |4 5 6|
|  8  |     |    9| |7    |7    |     | |    9|7   9|7   9|
+-----+-----+-----+ +-----+-----+-----+ +-----+-----+-----+
|1 2  |1 2  |    3| |     |1 2  |1 2  | |1    |     |1    |
|4 5  |4    |     | |    6|  5  |4    | |  5  |4 5  |4 5  |
|    9|     |     | |     |7 8  |  8  | |  8 9|7 8 9|7   9|
+-----+-----+-----+ +-----+-----+-----+ +-----+-----+-----+
|1    |     |     | |    3|     |1   3| |  2  |     |1   3|
|4 5 6|     |4 5 6| |4    |     |4    | |     |4 5  |4 5 6|
|     |7    |     | |  8  |    9|  8  | |     |  8  |     |
+-----+-----+-----+ +-----+-----+-----+ +-----+-----+-----+
+-----+-----+-----+ +-----+-----+-----+ +-----+-----+-----+
|1 2 3|     |  2  | |  2 3|  2 3|     | |1    |  2  |1 2  |
|4   6|  5  |4   6| |     |    6|     | |    6|4    |4   6|
|    9|     |    9| |  8 9|  8  |7    | |  8 9|  8 9|    9|
+-----+-----+-----+ +-----+-----+-----+ +-----+-----+-----+
|1 2 3|1 2 3|  2  | |  2 3|     |     | |     |  2  |1 2  |
|    6|    6|    6| |     |4    |  5  | |     |     |    6|
|    9|  8  |    9| |  8 9|     |     | |7    |  8 9|    9|
+-----+-----+-----+ +-----+-----+-----+ +-----+-----+-----+
|  2  |  2  |  2  | |1    |  2  |  2  | |     |    3|  2  |
|4   6|4   6|4   6| |     |    6|    6| |  5 6|     |4 5 6|
|7   9|  8  |7   9| |     |  8  |  8 9| |  8 9|     |    9|
+-----+-----+-----+ +-----+-----+-----+ +-----+-----+-----+
+-----+-----+-----+ +-----+-----+-----+ +-----+-----+-----+
|  2 3|  2 3|1    | |  2 3|  2 3|  2 3| |    3|     |     |
|4 5  |4    |     | |4    |     |4    | |  5  |    6|     |
|7    |     |     | |7   9|7    |    9| |    9|     |  8  |
+-----+-----+-----+ +-----+-----+-----+ +-----+-----+-----+
|  2 3|  2 3|     | |     |  2 3|  2 3| |    3|1    |  2 3|
|4   6|4   6|     | |  5  |    6|4   6| |     |     |     |
|7    |     |  8  | |     |7    |    9| |    9|     |7   9|
+-----+-----+-----+ +-----+-----+-----+ +-----+-----+-----+
|  2 3|     |  2  | |  2 3|1 2 3|1 2 3| |     |  2  |  2 3|
|  5 6|     |  5 6| |     |    6|    6| |4    |  5  |  5  |
|7    |    9|7    | |7 8  |7 8  |  8  | |     |7    |7    |
+-----+-----+-----+ +-----+-----+-----+ +-----+-----+-----+


.

I give up :(
+-----+-----+-----+ +-----+-----+-----+ +-----+-----+-----+
|     |1 2  |  2  | |  2 3|1 2 3|1 2 3| |1   3|     |1   3|
|     |4   6|4 5 6| |4    |  5  |4    | |  5 6|4 5  |4 5 6|
|  8  |     |    9| |7    |7    |     | |    9|7   9|7   9|
+-----+-----+-----+ +-----+-----+-----+ +-----+-----+-----+
|1 2  |1 2  |    3| |     |1 2  |1 2  | |1    |     |1    |
|4 5  |4    |     | |    6|  5  |4    | |  5  |4 5  |4 5  |
|    9|     |     | |     |7 8  |  8  | |  8 9|7 8 9|7   9|
+-----+-----+-----+ +-----+-----+-----+ +-----+-----+-----+
|1    |     |     | |    3|     |1   3| |  2  |     |1   3|
|4 5 6|     |4 5 6| |4    |     |4    | |     |4 5  |4 5 6|
|     |7    |     | |  8  |    9|  8  | |     |  8  |     |
+-----+-----+-----+ +-----+-----+-----+ +-----+-----+-----+
+-----+-----+-----+ +-----+-----+-----+ +-----+-----+-----+
|1 2 3|     |  2  | |  2 3|  2 3|     | |1    |  2  |1 2  |
|4   6|  5  |4   6| |     |    6|     | |    6|4    |4   6|
|    9|     |    9| |  8 9|  8  |7    | |  8 9|  8 9|    9|
+-----+-----+-----+ +-----+-----+-----+ +-----+-----+-----+
|1 2 3|1 2 3|  2  | |  2 3|     |     | |     |  2  |1 2  |
|    6|    6|    6| |     |4    |  5  | |     |     |    6|
|    9|  8  |    9| |  8 9|     |     | |7    |  8 9|    9|
+-----+-----+-----+ +-----+-----+-----+ +-----+-----+-----+
|  2  |  2  |  2  | |1    |  2  |  2  | |     |    3|  2  |
|4   6|4   6|4   6| |     |    6|    6| |  5 6|     |4 5 6|
|7   9|  8  |7   9| |     |  8  |  8 9| |  8 9|     |    9|
+-----+-----+-----+ +-----+-----+-----+ +-----+-----+-----+
+-----+-----+-----+ +-----+-----+-----+ +-----+-----+-----+
|  2 3|  2 3|1    | |  2 3|  2 3|  2 3| |    3|     |     |
|4 5  |4    |     | |4    |     |4    | |  5  |    6|     |
|7    |     |     | |7   9|7    |    9| |    9|     |  8  |
+-----+-----+-----+ +-----+-----+-----+ +-----+-----+-----+
|  2 3|  2 3|     | |     |  2 3|  2 3| |    3|1    |  2 3|
|4   6|4   6|     | |  5  |    6|4   6| |     |     |     |
|7    |     |  8  | |     |7    |    9| |    9|     |7   9|
+-----+-----+-----+ +-----+-----+-----+ +-----+-----+-----+
|  2 3|     |  2  | |  2 3|1 2 3|1 2 3| |     |  2  |  2 3|
|  5 6|     |  5 6| |     |    6|    6| |4    |  5  |  5  |
|7    |    9|7    | |7 8  |7 8  |  8  | |     |7    |7    |
+-----+-----+-----+ +-----+-----+-----+ +-----+-----+-----+


